Arguments: 
  C:\Program Files\nodejs\node.exe C:\Users\m\AppData\Roaming\npm\node_modules\yarn\bin\yarn.js

PATH: 
  C:\Users\m\bin\Sencha\Cmd\5.1.2.52;C:\ProgramData\Oracle\Java\javapath;C:\Program Files (x86)\Intel\iCLS Client\;C:\Program Files\Intel\iCLS Client\;C:\WINDOWS\system32;C:\WINDOWS;C:\WINDOWS\System32\Wbem;C:\WINDOWS\System32\WindowsPowerShell\v1.0\;C:\Program Files (x86)\ATI Technologies\ATI.ACE\Core-Static;C:\Program Files (x86)\Windows Kits\8.1\Windows Performance Toolkit\;C:\Program Files\Microsoft SQL Server\110\Tools\Binn\;C:\Program Files\Microsoft SQL Server\Client SDK\ODBC\110\Tools\Binn\;C:\Program Files (x86)\Microsoft SQL Server\120\Tools\Binn\;C:\Program Files\Microsoft SQL Server\120\Tools\Binn\;C:\Program Files\Microsoft SQL Server\120\DTS\Binn\;C:\Program Files (x86)\Microsoft SQL Server\120\Tools\Binn\ManagementStudio\;C:\Program Files (x86)\Microsoft SQL Server\120\DTS\Binn\;C:\Program Files\Intel\Intel(R) Management Engine Components\DAL;C:\Program Files\Intel\Intel(R) Management Engine Components\IPT;C:\Program Files (x86)\Intel\Intel(R) Management Engine Components\DAL;C:\Program Files (x86)\Intel\Intel(R) Management Engine Components\IPT;C:\Program Files (x86)\Microsoft SDKs\TypeScript\1.0\;C:\Program Files\wkhtmltopdf\bin;C:\Program Files\TortoiseSVN\bin;C:\Program Files\TortoiseGit\bin;C:\Program Files (x86)\Skype\Phone\;C:\Program Files\Microsoft SQL Server\130\Tools\Binn\;C:\Program Files\nodejs\;C:\Program Files\Git\cmd;C:\Ruby22-x64\bin;C:\Users\m\.dnx\bin;C:\Program Files\Ruby21-x64\bin;C:\Users\m\AppData\Local\atom\bin;C:\Program Files (x86)\Microsoft VS Code\bin;C:\Users\m\AppData\Roaming\npm;C:\Users\m\AppData\Local\Microsoft\WindowsApps;node_modules\.bin\

Yarn version: 
  0.17.10

Node version: 
  6.5.0

Platform: 
  win32 x64

npm manifest: 
  {
    "name": "yarn",
    "version": "1.0.0",
    "description": "",
    "main": "index.js",
    "scripts": {
      "test": "echo \"Error: no test specified\" && exit 1"
    },
    "keywords": [],
    "author": "",
    "license": "ISC",
    "dependencies": {
      "a": "file:./packages/a",
      "b": "file:./packages/b"
    }
  }

yarn manifest: 
  No manifest

Lockfile: 
  # THIS IS AN AUTOGENERATED FILE. DO NOT EDIT THIS FILE DIRECTLY.
  # yarn lockfile v1
  
  
  "a@file:./packages/a":
    version "1.0.2"
    dependencies:
      b "*"
  
  b@*:
    version "1.0.0"
  
  "b@file:./packages/b":
    version "1.0.0"

Trace: 
  TypeError: Cannot read property 'split' of undefined
      at Object.explodeHashedUrl (C:\Users\m\AppData\Roaming\npm\node_modules\yarn\updates\0.17.10\lib\util\version.js:8:20)
      at PackageRequest.getLocked (C:\Users\m\AppData\Roaming\npm\node_modules\yarn\updates\0.17.10\lib\package-request.js:133:59)
      at C:\Users\m\AppData\Roaming\npm\node_modules\yarn\updates\0.17.10\lib\resolvers\registries\npm-resolver.js:181:37
      at next (native)
      at step (C:\Users\m\AppData\Roaming\npm\node_modules\yarn\updates\0.17.10\node_modules\babel-runtime\helpers\asyncToGenerator.js:17:30)
      at C:\Users\m\AppData\Roaming\npm\node_modules\yarn\updates\0.17.10\node_modules\babel-runtime\helpers\asyncToGenerator.js:35:14
      at Promise.F (C:\Users\m\AppData\Roaming\npm\node_modules\yarn\updates\0.17.10\node_modules\core-js\library\modules\_export.js:35:28)
      at C:\Users\m\AppData\Roaming\npm\node_modules\yarn\updates\0.17.10\node_modules\babel-runtime\helpers\asyncToGenerator.js:14:12
      at NpmResolver.resolve (C:\Users\m\AppData\Roaming\npm\node_modules\yarn\updates\0.17.10\lib\resolvers\registries\npm-resolver.js:216:7)
      at C:\Users\m\AppData\Roaming\npm\node_modules\yarn\updates\0.17.10\lib\package-request.js:188:23
